<?xml version="1.0" encoding="UTF-8"?>
<!-- Generated by org.testng.reporters.JUnitReportReporter -->
<testsuite hostname="LAPTOP-MI3FUCT4" failures="0" tests="1" name="org.devero.testcases.Devero_TestCase01" time="33.881" errors="0" timestamp="2023-06-06T15:35:11 IST" skipped="0">
  <testcase classname="org.devero.testcases.Devero_TestCase01" name="loginToDevero" time="33.881"/>
  <system-out/>
</testsuite> <!-- org.devero.testcases.Devero_TestCase01 -->
