<?xml version="1.0" encoding="UTF-8"?>
<!-- Generated by org.testng.reporters.JUnitReportReporter -->
<testsuite hostname="LAPTOP-MI3FUCT4" failures="0" tests="1" name="org.UIPath.testcases.UIPath_TestCase01" time="18.538" errors="0" timestamp="2023-06-16T16:52:00 IST" skipped="0">
  <testcase classname="org.UIPath.testcases.UIPath_TestCase01" name="loginToUIPath" time="18.538"/>
  <system-out/>
</testsuite> <!-- org.UIPath.testcases.UIPath_TestCase01 -->
